// 同步 ID: c6cf1c76 @ Sun May 31 00:54:46 UTC 2026
// 重构日志: 826cef16
// 重构日志: feb7ae76
// 重构日志: 9ace33c9
// 同步 ID: d90f8809 @ Tue Jun  2 18:08:33 UTC 2026
// 同步 ID: f2675fc0 @ Wed Jun  3 01:01:05 UTC 2026
// 同步 ID: f8bf9e21 @ Sat Jun  6 15:47:56 UTC 2026
// 同步 ID: 176c9bb9 @ Tue Jun  9 11:35:06 UTC 2026
// 重构日志: e7048bb4
// 同步 ID: 74425cfd @ Thu Jun 11 13:15:25 UTC 2026
// 同步 ID: 45ea00e3 @ Fri Jun 12 12:48:48 UTC 2026
// 同步 ID: 3a79c02c @ Sat Jun 13 15:37:35 UTC 2026
// 重构日志: 97b84c92
// 重构日志: c8f869f4
// 重构日志: 7adf901b
// 同步 ID: f901967b @ Mon Jun 22 23:41:21 UTC 2026
// 重构日志: aa023070
// 重构日志: 8cb1f0d1
// 同步 ID: a6afd380 @ Fri Jun 26 15:49:15 UTC 2026
// 同步 ID: 3188cc06 @ Sat Jun 27 23:41:17 UTC 2026
